2024-09-25 20:44:44,745 - INFO - Using device: cuda:0
2024-09-25 20:44:44,746 - INFO - /home/avisund/data/wildlife_datasets/FriesianCattle2015v2/
2024-09-25 20:44:44,756 - INFO - Dataset FriesianCattle2015v2 loaded successfully
2024-09-25 20:44:44,759 - INFO - Dataset split successfully
2024-09-25 20:44:44,762 - INFO - Dataloaders created successfully
2024-09-25 20:44:46,696 - INFO - Loading pretrained weights from Hugging Face hub (BVRA/MegaDescriptor-L-384)
2024-09-25 20:44:48,164 - INFO - Feature extractor loaded successfully
2024-09-25 20:44:56,978 - INFO - Using best params {'batch_size': 8, 'learning_rate': 0.01, 'best_epoch': 50, 'best_val_acc': 1.0} for dataset: FriesianCattle2015v2, pooling method: linear
2024-09-25 20:44:57,552 - INFO - Running classifier experiment with dataset: FriesianCattle2015v2, model: megadescriptor, pooling method: linear, use_class: False
2024-09-25 20:44:57,554 - INFO - Top-1 acc. for config: 0.8182
2024-09-25 20:44:57,554 - INFO - MSP ROC AUC for config: 0.8712
2024-09-25 20:44:57,554 - INFO - MLS ROC AUC for config: 0.8731
2024-09-25 20:44:57,554 - INFO - Using best params {'batch_size': 8, 'learning_rate': 2e-05, 'best_epoch': 50, 'best_val_acc': 1.0} for dataset: FriesianCattle2015v2, pooling method: attentive
2024-09-25 20:45:00,178 - INFO - Running classifier experiment with dataset: FriesianCattle2015v2, model: megadescriptor, pooling method: attentive, use_class: False
2024-09-25 20:45:00,181 - INFO - Top-1 acc. for config: 0.9091
2024-09-25 20:45:00,181 - INFO - MSP ROC AUC for config: 0.8617
2024-09-25 20:45:00,181 - INFO - MLS ROC AUC for config: 0.8617
2024-09-25 20:45:00,181 - INFO - /home/avisund/data/wildlife_datasets/CTai/
2024-09-25 20:45:00,680 - INFO - Dataset CTai loaded successfully
2024-09-25 20:45:00,689 - INFO - Dataset split successfully
2024-09-25 20:45:00,694 - INFO - Dataloaders created successfully
2024-09-25 20:45:02,580 - INFO - Loading pretrained weights from Hugging Face hub (BVRA/MegaDescriptor-L-384)
2024-09-25 20:45:03,856 - INFO - Feature extractor loaded successfully
2024-09-25 20:48:47,245 - INFO - Using best params {'batch_size': 128, 'learning_rate': 0.002, 'best_epoch': 2, 'best_val_acc': 0.967828418230563} for dataset: CTai, pooling method: linear
2024-09-25 20:48:47,336 - INFO - Running classifier experiment with dataset: CTai, model: megadescriptor, pooling method: linear, use_class: False
2024-09-25 20:48:47,338 - INFO - Top-1 acc. for config: 0.9480
2024-09-25 20:48:47,338 - INFO - MSP ROC AUC for config: 0.9924
2024-09-25 20:48:47,338 - INFO - MLS ROC AUC for config: 0.9927
2024-09-25 20:48:47,338 - INFO - Using best params {'batch_size': 8, 'learning_rate': 2e-05, 'best_epoch': 14, 'best_val_acc': 0.967828418230563} for dataset: CTai, pooling method: attentive
2024-09-25 20:49:06,126 - INFO - Running classifier experiment with dataset: CTai, model: megadescriptor, pooling method: attentive, use_class: False
2024-09-25 20:49:06,178 - INFO - Top-1 acc. for config: 0.9457
2024-09-25 20:49:06,178 - INFO - MSP ROC AUC for config: 0.9954
2024-09-25 20:49:06,178 - INFO - MLS ROC AUC for config: 0.9968
2024-09-25 20:49:06,178 - INFO - /home/avisund/data/wildlife_datasets/CZoo/
2024-09-25 20:49:06,401 - INFO - Dataset CZoo loaded successfully
2024-09-25 20:49:06,406 - INFO - Dataset split successfully
2024-09-25 20:49:06,410 - INFO - Dataloaders created successfully
2024-09-25 20:49:08,022 - INFO - Loading pretrained weights from Hugging Face hub (BVRA/MegaDescriptor-L-384)
2024-09-25 20:49:08,948 - INFO - Feature extractor loaded successfully
2024-09-25 20:50:51,095 - INFO - Using best params {'batch_size': 8, 'learning_rate': 1e-05, 'best_epoch': 42, 'best_val_acc': 0.9940828402366864} for dataset: CZoo, pooling method: linear
2024-09-25 20:50:55,136 - INFO - Running classifier experiment with dataset: CZoo, model: megadescriptor, pooling method: linear, use_class: False
2024-09-25 20:50:55,137 - INFO - Top-1 acc. for config: 0.9881
2024-09-25 20:50:55,137 - INFO - MSP ROC AUC for config: 0.9818
2024-09-25 20:50:55,138 - INFO - MLS ROC AUC for config: 0.9812
2024-09-25 20:50:55,138 - INFO - Using best params {'batch_size': 8, 'learning_rate': 0.001, 'best_epoch': 1, 'best_val_acc': 0.9940828402366864} for dataset: CZoo, pooling method: attentive
2024-09-25 20:50:55,843 - INFO - Running classifier experiment with dataset: CZoo, model: megadescriptor, pooling method: attentive, use_class: False
2024-09-25 20:50:55,869 - INFO - Top-1 acc. for config: 0.9583
2024-09-25 20:50:55,869 - INFO - MSP ROC AUC for config: 0.7161
2024-09-25 20:50:55,869 - INFO - MLS ROC AUC for config: 0.9046
2024-09-25 20:50:55,869 - INFO - /home/avisund/data/wildlife_datasets/DogFaceNet/
2024-09-25 20:50:56,152 - INFO - Dataset DogFaceNet loaded successfully
2024-09-25 20:50:56,240 - INFO - Dataset split successfully
2024-09-25 20:50:56,247 - INFO - Dataloaders created successfully
2024-09-25 20:50:57,842 - INFO - Loading pretrained weights from Hugging Face hub (BVRA/MegaDescriptor-L-384)
2024-09-25 20:50:58,512 - INFO - Feature extractor loaded successfully
2024-09-25 20:57:50,272 - INFO - Using best params {'batch_size': 8, 'learning_rate': 0.0005, 'best_epoch': 23, 'best_val_acc': 0.5699272433306386} for dataset: DogFaceNet, pooling method: linear
2024-09-25 20:58:01,063 - INFO - Running classifier experiment with dataset: DogFaceNet, model: megadescriptor, pooling method: linear, use_class: False
2024-09-25 20:58:01,065 - INFO - Top-1 acc. for config: 0.5572
2024-09-25 20:58:01,065 - INFO - MSP ROC AUC for config: 0.7024
2024-09-25 20:58:01,065 - INFO - MLS ROC AUC for config: 0.7082
2024-09-25 20:58:01,066 - INFO - Using best params {'batch_size': 64, 'learning_rate': 0.0002, 'best_epoch': 10, 'best_val_acc': 0.5286984640258691} for dataset: DogFaceNet, pooling method: attentive
2024-09-25 20:58:14,927 - INFO - Running classifier experiment with dataset: DogFaceNet, model: megadescriptor, pooling method: attentive, use_class: False
2024-09-25 20:58:15,031 - INFO - Top-1 acc. for config: 0.4910
2024-09-25 20:58:15,031 - INFO - MSP ROC AUC for config: 0.6597
2024-09-25 20:58:15,031 - INFO - MLS ROC AUC for config: 0.6113
2024-09-25 20:58:15,031 - INFO - /home/avisund/data/wildlife_datasets/FriesianCattle2017/
2024-09-25 20:58:15,059 - INFO - Dataset FriesianCattle2017 loaded successfully
2024-09-25 20:58:15,066 - INFO - Dataset split successfully
2024-09-25 20:58:15,069 - INFO - Dataloaders created successfully
2024-09-25 20:58:16,802 - INFO - Loading pretrained weights from Hugging Face hub (BVRA/MegaDescriptor-L-384)
2024-09-25 20:58:17,526 - INFO - Feature extractor loaded successfully
2024-09-25 20:59:02,988 - INFO - Using best params {'batch_size': 8, 'learning_rate': 2e-05, 'best_epoch': 50, 'best_val_acc': 0.9862068965517241} for dataset: FriesianCattle2017, pooling method: linear
2024-09-25 20:59:05,271 - INFO - Running classifier experiment with dataset: FriesianCattle2017, model: megadescriptor, pooling method: linear, use_class: False
2024-09-25 20:59:05,273 - INFO - Top-1 acc. for config: 0.9658
2024-09-25 20:59:05,273 - INFO - MSP ROC AUC for config: 0.9595
2024-09-25 20:59:05,273 - INFO - MLS ROC AUC for config: 0.9601
2024-09-25 20:59:05,273 - INFO - Using best params {'batch_size': 8, 'learning_rate': 1e-05, 'best_epoch': 50, 'best_val_acc': 0.9862068965517241} for dataset: FriesianCattle2017, pooling method: attentive
2024-09-25 20:59:18,362 - INFO - Running classifier experiment with dataset: FriesianCattle2017, model: megadescriptor, pooling method: attentive, use_class: False
2024-09-25 20:59:18,372 - INFO - Top-1 acc. for config: 0.9744
2024-09-25 20:59:18,372 - INFO - MSP ROC AUC for config: 0.9557
2024-09-25 20:59:18,372 - INFO - MLS ROC AUC for config: 0.9561
2024-09-25 20:59:18,372 - INFO - /home/avisund/data/wildlife_datasets/IPanda50/
2024-09-25 20:59:19,298 - INFO - Dataset IPanda50 loaded successfully
2024-09-25 20:59:19,309 - INFO - Dataset split successfully
2024-09-25 20:59:19,315 - INFO - Dataloaders created successfully
2024-09-25 20:59:20,958 - INFO - Loading pretrained weights from Hugging Face hub (BVRA/MegaDescriptor-L-384)
2024-09-25 20:59:21,658 - INFO - Feature extractor loaded successfully
2024-09-25 21:04:55,294 - INFO - Using best params {'batch_size': 128, 'learning_rate': 0.005, 'best_epoch': 2, 'best_val_acc': 0.9709355131698456} for dataset: IPanda50, pooling method: linear
2024-09-25 21:04:55,407 - INFO - Running classifier experiment with dataset: IPanda50, model: megadescriptor, pooling method: linear, use_class: False
2024-09-25 21:04:55,410 - INFO - Top-1 acc. for config: 0.9501
2024-09-25 21:04:55,410 - INFO - MSP ROC AUC for config: 0.9229
2024-09-25 21:04:55,410 - INFO - MLS ROC AUC for config: 0.9652
2024-09-25 21:04:55,410 - INFO - Using best params {'batch_size': 128, 'learning_rate': 0.0002, 'best_epoch': 3, 'best_val_acc': 0.9700272479564033} for dataset: IPanda50, pooling method: attentive
2024-09-25 21:04:58,913 - INFO - Running classifier experiment with dataset: IPanda50, model: megadescriptor, pooling method: attentive, use_class: False
2024-09-25 21:04:59,004 - INFO - Top-1 acc. for config: 0.9554
2024-09-25 21:04:59,004 - INFO - MSP ROC AUC for config: 0.9721
2024-09-25 21:04:59,005 - INFO - MLS ROC AUC for config: 0.9735
2024-09-25 21:04:59,005 - INFO - /home/avisund/data/wildlife_datasets/MacaqueFaces/
2024-09-25 21:04:59,198 - INFO - Dataset MacaqueFaces loaded successfully
2024-09-25 21:04:59,210 - INFO - Dataset split successfully
2024-09-25 21:04:59,215 - INFO - Dataloaders created successfully
2024-09-25 21:05:00,889 - INFO - Loading pretrained weights from Hugging Face hub (BVRA/MegaDescriptor-L-384)
2024-09-25 21:05:01,737 - INFO - Feature extractor loaded successfully
2024-09-25 21:10:05,747 - INFO - Using best params {'batch_size': 8, 'learning_rate': 0.001, 'best_epoch': 1, 'best_val_acc': 0.9960238568588469} for dataset: MacaqueFaces, pooling method: linear
2024-09-25 21:10:06,109 - INFO - Running classifier experiment with dataset: MacaqueFaces, model: megadescriptor, pooling method: linear, use_class: False
2024-09-25 21:10:06,111 - INFO - Top-1 acc. for config: 0.9980
2024-09-25 21:10:06,111 - INFO - MSP ROC AUC for config: 0.9370
2024-09-25 21:10:06,111 - INFO - MLS ROC AUC for config: 0.9228
2024-09-25 21:10:06,111 - INFO - Using best params {'batch_size': 8, 'learning_rate': 0.002, 'best_epoch': 1, 'best_val_acc': 0.9960238568588469} for dataset: MacaqueFaces, pooling method: attentive
2024-09-25 21:10:08,047 - INFO - Running classifier experiment with dataset: MacaqueFaces, model: megadescriptor, pooling method: attentive, use_class: False
2024-09-25 21:10:08,126 - INFO - Top-1 acc. for config: 0.9776
2024-09-25 21:10:08,126 - INFO - MSP ROC AUC for config: 0.5355
2024-09-25 21:10:08,126 - INFO - MLS ROC AUC for config: 0.9541
2024-09-25 21:10:08,126 - INFO - /home/avisund/data/wildlife_datasets/NyalaData/
2024-09-25 21:10:08,190 - INFO - Dataset NyalaData loaded successfully
2024-09-25 21:10:08,205 - INFO - Dataset split successfully
2024-09-25 21:10:08,209 - INFO - Dataloaders created successfully
2024-09-25 21:10:09,893 - INFO - Loading pretrained weights from Hugging Face hub (BVRA/MegaDescriptor-L-384)
2024-09-25 21:10:10,740 - INFO - Feature extractor loaded successfully
2024-09-25 21:11:46,108 - INFO - Using best params {'batch_size': 64, 'learning_rate': 0.002, 'best_epoch': 13, 'best_val_acc': 0.7601351351351351} for dataset: NyalaData, pooling method: linear
2024-09-25 21:11:46,338 - INFO - Running classifier experiment with dataset: NyalaData, model: megadescriptor, pooling method: linear, use_class: False
2024-09-25 21:11:46,339 - INFO - Top-1 acc. for config: 0.5859
2024-09-25 21:11:46,340 - INFO - MSP ROC AUC for config: 0.7083
2024-09-25 21:11:46,340 - INFO - MLS ROC AUC for config: 0.7071
2024-09-25 21:11:46,340 - INFO - Using best params {'batch_size': 32, 'learning_rate': 0.0002, 'best_epoch': 5, 'best_val_acc': 0.75} for dataset: NyalaData, pooling method: attentive
2024-09-25 21:11:48,193 - INFO - Running classifier experiment with dataset: NyalaData, model: megadescriptor, pooling method: attentive, use_class: False
2024-09-25 21:11:48,219 - INFO - Top-1 acc. for config: 0.5625
2024-09-25 21:11:48,220 - INFO - MSP ROC AUC for config: 0.6985
2024-09-25 21:11:48,220 - INFO - MLS ROC AUC for config: 0.7391
2024-09-25 21:11:48,220 - INFO - /home/avisund/data/wildlife_datasets/SeaTurtleIDHeads/
2024-09-25 21:11:48,357 - INFO - Dataset SeaTurtleIDHeads loaded successfully
2024-09-25 21:11:48,393 - INFO - Dataset split successfully
2024-09-25 21:11:48,399 - INFO - Dataloaders created successfully
2024-09-25 21:11:49,974 - INFO - Loading pretrained weights from Hugging Face hub (BVRA/MegaDescriptor-L-384)
2024-09-25 21:11:50,651 - INFO - Feature extractor loaded successfully
2024-09-25 21:17:59,281 - INFO - Using best params {'batch_size': 16, 'learning_rate': 0.002, 'best_epoch': 2, 'best_val_acc': 0.9659468438538206} for dataset: SeaTurtleIDHeads, pooling method: linear
2024-09-25 21:17:59,752 - INFO - Running classifier experiment with dataset: SeaTurtleIDHeads, model: megadescriptor, pooling method: linear, use_class: False
2024-09-25 21:17:59,754 - INFO - Top-1 acc. for config: 0.9342
2024-09-25 21:17:59,754 - INFO - MSP ROC AUC for config: 0.9380
2024-09-25 21:17:59,754 - INFO - MLS ROC AUC for config: 0.9055
2024-09-25 21:17:59,754 - INFO - Using best params {'batch_size': 8, 'learning_rate': 2e-05, 'best_epoch': 15, 'best_val_acc': 0.9642857142857143} for dataset: SeaTurtleIDHeads, pooling method: attentive
2024-09-25 21:18:32,534 - INFO - Running classifier experiment with dataset: SeaTurtleIDHeads, model: megadescriptor, pooling method: attentive, use_class: False
2024-09-25 21:18:32,613 - INFO - Top-1 acc. for config: 0.9342
2024-09-25 21:18:32,613 - INFO - MSP ROC AUC for config: 0.9797
2024-09-25 21:18:32,613 - INFO - MLS ROC AUC for config: 0.9832
2024-09-25 22:11:17,596 - INFO - /home/avisund/data/wildlife_datasets/StripeSpotter/
2024-09-25 22:11:17,630 - INFO - Dataset StripeSpotter loaded successfully
2024-09-25 22:11:17,647 - INFO - Dataset split successfully
2024-09-25 22:11:17,650 - INFO - Dataloaders created successfully
2024-09-25 22:11:20,307 - INFO - Loading pretrained weights from Hugging Face hub (BVRA/MegaDescriptor-L-384)
2024-09-25 22:11:21,778 - INFO - Feature extractor loaded successfully
2024-09-25 22:12:00,014 - INFO - Using best params {'batch_size': 16, 'learning_rate': 0.0005, 'best_epoch': 3, 'best_val_acc': 0.9694656488549618} for dataset: StripeSpotter, pooling method: linear
2024-09-25 22:12:00,180 - INFO - Running classifier experiment with dataset: StripeSpotter, model: megadescriptor, pooling method: linear, use_class: False
2024-09-25 22:12:00,182 - INFO - Top-1 acc. for config: 0.8923
2024-09-25 22:12:00,182 - INFO - MSP ROC AUC for config: 0.9487
2024-09-25 22:12:00,182 - INFO - MLS ROC AUC for config: 0.9506
2024-09-25 22:12:00,182 - INFO - Using best params {'batch_size': 128, 'learning_rate': 0.01, 'best_epoch': 14, 'best_val_acc': 0.9770992366412213} for dataset: StripeSpotter, pooling method: attentive
2024-09-25 22:12:02,098 - INFO - Running classifier experiment with dataset: StripeSpotter, model: megadescriptor, pooling method: attentive, use_class: False
2024-09-25 22:12:02,110 - INFO - Top-1 acc. for config: 0.8000
2024-09-25 22:12:02,110 - INFO - MSP ROC AUC for config: 0.5497
2024-09-25 22:12:02,110 - INFO - MLS ROC AUC for config: 0.5989
2024-09-25 22:47:00,295 - INFO - /home/avisund/data/wildlife_datasets/CatIndividualImages/
2024-09-25 22:47:00,578 - INFO - Dataset CatIndividualImages loaded successfully
2024-09-25 22:47:00,618 - INFO - Dataset split successfully
2024-09-25 22:47:00,625 - INFO - Dataloaders created successfully
2024-09-25 22:47:02,505 - INFO - Loading pretrained weights from Hugging Face hub (BVRA/MegaDescriptor-L-384)
2024-09-25 22:47:03,735 - INFO - Feature extractor loaded successfully
2024-09-25 23:00:57,312 - INFO - Using best params {'batch_size': 8, 'learning_rate': 0.0005, 'best_epoch': 11, 'best_val_acc': 0.8979396262577863} for dataset: CatIndividualImages, pooling method: linear
2024-09-25 23:01:04,888 - INFO - Running classifier experiment with dataset: CatIndividualImages, model: megadescriptor, pooling method: linear, use_class: False
2024-09-25 23:01:04,891 - INFO - Top-1 acc. for config: 0.8872
2024-09-25 23:01:04,891 - INFO - MSP ROC AUC for config: 0.8439
2024-09-25 23:01:04,891 - INFO - MLS ROC AUC for config: 0.8521
2024-09-25 23:01:04,891 - INFO - Using best params {'batch_size': 16, 'learning_rate': 0.0002, 'best_epoch': 6, 'best_val_acc': 0.8859607091518926} for dataset: CatIndividualImages, pooling method: attentive
2024-09-25 23:01:22,490 - INFO - Running classifier experiment with dataset: CatIndividualImages, model: megadescriptor, pooling method: attentive, use_class: False
2024-09-25 23:01:22,639 - INFO - Top-1 acc. for config: 0.8695
2024-09-25 23:01:22,639 - INFO - MSP ROC AUC for config: 0.8364
2024-09-25 23:01:22,639 - INFO - MLS ROC AUC for config: 0.8327
2024-09-25 23:01:22,639 - INFO - /home/avisund/data/wildlife_datasets/CowDataset/
2024-09-25 23:01:22,673 - INFO - Dataset CowDataset loaded successfully
2024-09-25 23:01:22,676 - INFO - Dataset split successfully
2024-09-25 23:01:22,680 - INFO - Dataloaders created successfully
2024-09-25 23:01:24,371 - INFO - Loading pretrained weights from Hugging Face hub (BVRA/MegaDescriptor-L-384)
2024-09-25 23:01:25,268 - INFO - Feature extractor loaded successfully
2024-09-25 23:03:24,433 - INFO - Using best params {'batch_size': 8, 'learning_rate': 0.0005, 'best_epoch': 50, 'best_val_acc': 0.9957983193277311} for dataset: CowDataset, pooling method: linear
2024-09-25 23:03:28,231 - INFO - Running classifier experiment with dataset: CowDataset, model: megadescriptor, pooling method: linear, use_class: False
2024-09-25 23:03:28,232 - INFO - Top-1 acc. for config: 0.9880
2024-09-25 23:03:28,233 - INFO - MSP ROC AUC for config: 0.9717
2024-09-25 23:03:28,233 - INFO - MLS ROC AUC for config: 0.9737
2024-09-25 23:03:28,233 - INFO - Using best params {'batch_size': 8, 'learning_rate': 1e-05, 'best_epoch': 50, 'best_val_acc': 0.9957983193277311} for dataset: CowDataset, pooling method: attentive
2024-09-25 23:03:49,265 - INFO - Running classifier experiment with dataset: CowDataset, model: megadescriptor, pooling method: attentive, use_class: False
2024-09-25 23:03:49,285 - INFO - Top-1 acc. for config: 0.9880
2024-09-25 23:03:49,286 - INFO - MSP ROC AUC for config: 0.9688
2024-09-25 23:03:49,286 - INFO - MLS ROC AUC for config: 0.9803
2024-09-25 23:03:49,286 - INFO - /home/avisund/data/wildlife_datasets/Cows2021/
2024-09-25 23:03:50,052 - INFO - Dataset Cows2021 loaded successfully
2024-09-25 23:03:50,070 - INFO - Dataset split successfully
2024-09-25 23:03:50,076 - INFO - Dataloaders created successfully
2024-09-25 23:03:51,684 - INFO - Loading pretrained weights from Hugging Face hub (BVRA/MegaDescriptor-L-384)
2024-09-25 23:03:52,562 - INFO - Feature extractor loaded successfully
2024-09-25 23:10:52,455 - INFO - Using best params {'batch_size': 8, 'learning_rate': 2e-05, 'best_epoch': 50, 'best_val_acc': 0.9992790194664743} for dataset: Cows2021, pooling method: linear
2024-09-25 23:11:15,775 - INFO - Running classifier experiment with dataset: Cows2021, model: megadescriptor, pooling method: linear, use_class: False
2024-09-25 23:11:15,777 - INFO - Top-1 acc. for config: 0.9964
2024-09-25 23:11:15,777 - INFO - MSP ROC AUC for config: 0.9998
2024-09-25 23:11:15,777 - INFO - MLS ROC AUC for config: 0.9997
2024-09-25 23:11:15,777 - INFO - Using best params {'batch_size': 8, 'learning_rate': 1e-05, 'best_epoch': 28, 'best_val_acc': 0.9992790194664743} for dataset: Cows2021, pooling method: attentive
2024-09-25 23:12:25,388 - INFO - Running classifier experiment with dataset: Cows2021, model: megadescriptor, pooling method: attentive, use_class: False
2024-09-25 23:12:25,484 - INFO - Top-1 acc. for config: 0.9964
2024-09-25 23:12:25,484 - INFO - MSP ROC AUC for config: 0.9998
2024-09-25 23:12:25,484 - INFO - MLS ROC AUC for config: 0.9998
2024-09-25 23:12:25,484 - INFO - /home/avisund/data/wildlife_datasets/Giraffes/
2024-09-25 23:12:25,538 - INFO - Dataset Giraffes loaded successfully
2024-09-25 23:12:25,553 - INFO - Dataset split successfully
2024-09-25 23:12:25,556 - INFO - Dataloaders created successfully
2024-09-25 23:12:27,319 - INFO - Loading pretrained weights from Hugging Face hub (BVRA/MegaDescriptor-L-384)
2024-09-25 23:12:28,233 - INFO - Feature extractor loaded successfully
2024-09-25 23:13:36,609 - INFO - Using best params {'batch_size': 8, 'learning_rate': 0.002, 'best_epoch': 50, 'best_val_acc': 0.9534883720930233} for dataset: Giraffes, pooling method: linear
2024-09-25 23:13:40,205 - INFO - Running classifier experiment with dataset: Giraffes, model: megadescriptor, pooling method: linear, use_class: False
2024-09-25 23:13:40,207 - INFO - Top-1 acc. for config: 0.9655
2024-09-25 23:13:40,207 - INFO - MSP ROC AUC for config: 0.9869
2024-09-25 23:13:40,207 - INFO - MLS ROC AUC for config: 0.9777
2024-09-25 23:13:40,207 - INFO - Using best params {'batch_size': 32, 'learning_rate': 0.0002, 'best_epoch': 36, 'best_val_acc': 0.958139534883721} for dataset: Giraffes, pooling method: attentive
2024-09-25 23:13:49,441 - INFO - Running classifier experiment with dataset: Giraffes, model: megadescriptor, pooling method: attentive, use_class: False
2024-09-25 23:13:49,458 - INFO - Top-1 acc. for config: 0.9540
2024-09-25 23:13:49,458 - INFO - MSP ROC AUC for config: 0.9509
2024-09-25 23:13:49,458 - INFO - MLS ROC AUC for config: 0.9536
2024-09-25 23:13:49,458 - INFO - /home/avisund/data/wildlife_datasets/NDD20/
2024-09-25 23:13:51,096 - INFO - Dataset NDD20 loaded successfully
2024-09-25 23:13:51,105 - INFO - Dataset split successfully
2024-09-25 23:13:51,110 - INFO - Dataloaders created successfully
2024-09-25 23:13:52,692 - INFO - Loading pretrained weights from Hugging Face hub (BVRA/MegaDescriptor-L-384)
2024-09-25 23:13:53,588 - INFO - Feature extractor loaded successfully
2024-09-25 23:16:19,558 - INFO - Using best params {'batch_size': 8, 'learning_rate': 0.0005, 'best_epoch': 9, 'best_val_acc': 0.8568075117370892} for dataset: NDD20, pooling method: linear
2024-09-25 23:16:20,867 - INFO - Running classifier experiment with dataset: NDD20, model: megadescriptor, pooling method: linear, use_class: False
2024-09-25 23:16:20,869 - INFO - Top-1 acc. for config: 0.8097
2024-09-25 23:16:20,869 - INFO - MSP ROC AUC for config: 0.8322
2024-09-25 23:16:20,869 - INFO - MLS ROC AUC for config: 0.8251
2024-09-25 23:16:20,869 - INFO - Using best params {'batch_size': 16, 'learning_rate': 0.0001, 'best_epoch': 9, 'best_val_acc': 0.8474178403755869} for dataset: NDD20, pooling method: attentive
2024-09-25 23:16:26,264 - INFO - Running classifier experiment with dataset: NDD20, model: megadescriptor, pooling method: attentive, use_class: False
2024-09-25 23:16:26,294 - INFO - Top-1 acc. for config: 0.8178
2024-09-25 23:16:26,294 - INFO - MSP ROC AUC for config: 0.8523
2024-09-25 23:16:26,294 - INFO - MLS ROC AUC for config: 0.8677
2024-09-25 23:16:26,294 - INFO - /home/avisund/data/wildlife_datasets/OpenCows2020/
2024-09-25 23:16:26,489 - INFO - Dataset OpenCows2020 loaded successfully
2024-09-25 23:16:26,501 - INFO - Dataset split successfully
2024-09-25 23:16:26,506 - INFO - Dataloaders created successfully
2024-09-25 23:16:28,207 - INFO - Loading pretrained weights from Hugging Face hub (BVRA/MegaDescriptor-L-384)
2024-09-25 23:16:29,227 - INFO - Feature extractor loaded successfully
2024-09-25 23:20:19,244 - INFO - Using best params {'batch_size': 8, 'learning_rate': 1e-05, 'best_epoch': 50, 'best_val_acc': 1.0} for dataset: OpenCows2020, pooling method: linear
2024-09-25 23:20:31,868 - INFO - Running classifier experiment with dataset: OpenCows2020, model: megadescriptor, pooling method: linear, use_class: False
2024-09-25 23:20:31,869 - INFO - Top-1 acc. for config: 1.0000
2024-09-25 23:20:31,869 - INFO - MSP ROC AUC for config: 1.0000
2024-09-25 23:20:31,870 - INFO - MLS ROC AUC for config: 1.0000
2024-09-25 23:20:31,870 - INFO - Using best params {'batch_size': 8, 'learning_rate': 1e-05, 'best_epoch': 35, 'best_val_acc': 1.0} for dataset: OpenCows2020, pooling method: attentive
2024-09-25 23:21:18,842 - INFO - Running classifier experiment with dataset: OpenCows2020, model: megadescriptor, pooling method: attentive, use_class: False
2024-09-25 23:21:18,908 - INFO - Top-1 acc. for config: 1.0000
2024-09-25 23:21:18,908 - INFO - MSP ROC AUC for config: 0.9995
2024-09-25 23:21:18,908 - INFO - MLS ROC AUC for config: 0.9992
2024-09-25 23:21:18,908 - INFO - /home/avisund/data/wildlife_datasets/SeaStarReID2023/
2024-09-25 23:21:18,961 - INFO - Dataset SeaStarReID2023 loaded successfully
2024-09-25 23:21:18,971 - INFO - Dataset split successfully
2024-09-25 23:21:18,974 - INFO - Dataloaders created successfully
2024-09-25 23:21:20,736 - INFO - Loading pretrained weights from Hugging Face hub (BVRA/MegaDescriptor-L-384)
2024-09-25 23:21:21,684 - INFO - Feature extractor loaded successfully
2024-09-25 23:24:01,916 - INFO - Using best params {'batch_size': 8, 'learning_rate': 0.001, 'best_epoch': 38, 'best_val_acc': 0.8803418803418803} for dataset: SeaStarReID2023, pooling method: linear
2024-09-25 23:24:06,370 - INFO - Running classifier experiment with dataset: SeaStarReID2023, model: megadescriptor, pooling method: linear, use_class: False
2024-09-25 23:24:06,371 - INFO - Top-1 acc. for config: 0.8660
2024-09-25 23:24:06,371 - INFO - MSP ROC AUC for config: 0.8111
2024-09-25 23:24:06,371 - INFO - MLS ROC AUC for config: 0.7396
2024-09-25 23:24:06,371 - INFO - Using best params {'batch_size': 8, 'learning_rate': 0.0002, 'best_epoch': 7, 'best_val_acc': 0.8547008547008547} for dataset: SeaStarReID2023, pooling method: attentive
2024-09-25 23:24:10,840 - INFO - Running classifier experiment with dataset: SeaStarReID2023, model: megadescriptor, pooling method: attentive, use_class: False
2024-09-25 23:24:10,863 - INFO - Top-1 acc. for config: 0.8230
2024-09-25 23:24:10,863 - INFO - MSP ROC AUC for config: 0.8032
2024-09-25 23:24:10,863 - INFO - MLS ROC AUC for config: 0.7599
2024-09-25 23:24:10,863 - INFO - /home/avisund/data/wildlife_datasets/ZindiTurtleRecall/
2024-09-25 23:24:11,036 - INFO - Dataset ZindiTurtleRecall loaded successfully
2024-09-25 23:24:11,239 - INFO - Dataset split successfully
2024-09-25 23:24:11,249 - INFO - Dataloaders created successfully
2024-09-25 23:24:12,854 - INFO - Loading pretrained weights from Hugging Face hub (BVRA/MegaDescriptor-L-384)
2024-09-25 23:24:13,752 - INFO - Feature extractor loaded successfully
2024-09-25 23:34:53,982 - INFO - Using best params {'batch_size': 8, 'learning_rate': 0.0002, 'best_epoch': 19, 'best_val_acc': 0.7021161150298426} for dataset: ZindiTurtleRecall, pooling method: linear
2024-09-25 23:35:10,591 - INFO - Running classifier experiment with dataset: ZindiTurtleRecall, model: megadescriptor, pooling method: linear, use_class: False
2024-09-25 23:35:10,594 - INFO - Top-1 acc. for config: 0.6810
2024-09-25 23:35:10,594 - INFO - MSP ROC AUC for config: 0.7393
2024-09-25 23:35:10,594 - INFO - MLS ROC AUC for config: 0.6572
2024-09-25 23:35:10,594 - INFO - Using best params {'batch_size': 8, 'learning_rate': 0.0002, 'best_epoch': 4, 'best_val_acc': 0.6261530113944656} for dataset: ZindiTurtleRecall, pooling method: attentive
2024-09-25 23:35:25,539 - INFO - Running classifier experiment with dataset: ZindiTurtleRecall, model: megadescriptor, pooling method: attentive, use_class: False
2024-09-25 23:35:25,636 - INFO - Top-1 acc. for config: 0.5320
2024-09-25 23:35:25,636 - INFO - MSP ROC AUC for config: 0.7067
2024-09-25 23:35:25,636 - INFO - MLS ROC AUC for config: 0.7128
